<aetgt:getResponse xmlns:aetgt="http://schemas.active-endpoints.com/appmodules/repository/2010/10/avrepository.xsd"
                   xmlns:types1="http://schemas.active-endpoints.com/appmodules/repository/2010/10/avrepository.xsd">
   <types1:Item>
      <types1:EntryId>uoJ49ARJi4tciSr-gt-36678-2019-10-10T11:52:00.733Z::pd.xml</types1:EntryId>
      <types1:Name>Test-ICRT-4747</types1:Name>
      <types1:MimeType>application/xml+process</types1:MimeType>
      <types1:Description/>
      <types1:AppliesTo/>
      <types1:Tags>.anonymous</types1:Tags>
      <types1:VersionLabel>1.0</types1:VersionLabel>
      <types1:State>CURRENT</types1:State>
      <types1:ProcessGroup/>
      <types1:CreatedBy>pramod</types1:CreatedBy>
      <types1:CreationDate>2019-10-10T07:52:01Z</types1:CreationDate>
      <types1:ModifiedBy>pramod</types1:ModifiedBy>
      <types1:ModificationDate>2019-10-17T05:10:45Z</types1:ModificationDate>
      <types1:PublicationStatus>unpublished</types1:PublicationStatus>
      <types1:AutosaveExists>false</types1:AutosaveExists>
      <types1:Entry>
         <process xmlns="http://schemas.active-endpoints.com/appmodules/screenflow/2010/10/avosScreenflow.xsd"
                  xmlns:list="urn:activevos:spi:list:functions"
                  displayName="Test-ICRT-4747"
                  name="Test-ICRT-4747">
            <appliesTo/>
            <description/>
            <tags>.anonymous</tags>
            <generator>Informatica Process Designer 11</generator>
            <input>
               <parameter description="" name="ifield" type="string">
                  <options>
                     <option name="required">false</option>
                  </options>
               </parameter>
               <parameter description="" name="iAtt" type="attachment">
                  <options>
                     <option hide="true" name="count">1</option>
                     <option name="maxsize">5242880</option>
                     <option name="required">false</option>
                  </options>
               </parameter>
            </input>
            <output>
               <field description="" name="ofield" type="string">
                  <options>
                     <option name="required">false</option>
                  </options>
               </field>
               <field description="" name="oAtt" type="attachment">
                  <options>
                     <option hide="true" name="count">1</option>
                     <option name="maxsize">5242880</option>
                     <option name="required">false</option>
                  </options>
               </field>
            </output>
            <notes/>
            <deployment suspendOnFault="false" tracingLevel="verbose">
               <rest>
                  <allowAnonymousAccess/>
               </rest>
            </deployment>
            <flow id="a">
               <start id="b">
                  <link id="link1" targetId="c"/>
               </start>
               <assignment id="c">
                  <title>Assignment to ofield</title>
                  <operation source="field" to="output.ofield">input.ifield</operation>
                  <link id="iltgf8p6" targetId="iltgf8p5"/>
               </assignment>
               <container id="iltgf8p5" type="exclusive">
                  <title>ifield</title>
                  <flow id="iltgf8pf">
                     <assignment id="iltgf8pe">
                        <title>Assignment to ofield</title>
                        <operation source="constant" to="output.ofield">success</operation>
                        <operation source="field" to="output.oAtt">input.iAtt</operation>
                     </assignment>
                     <link id="iltgf8pg" targetId="iltgf8p5" type="containerLink"/>
                  </flow>
                  <flow id="iltgf8pi">
                     <assignment id="iltgf8ph">
                        <title>Assignment to ofield</title>
                        <operation source="constant" to="output.ofield">fail</operation>
                        <operation source="field" to="output.oAtt">input.iAtt</operation>
                     </assignment>
                     <link id="iltgf8pj" targetId="iltgf8p5" type="containerLink"/>
                  </flow>
                  <link id="iltgf8pc" targetId="iltgf8pf" type="containerLink">
                     <condition source="formula">
                        <function name="string-equals">
                           <arg name="left">{$input.ifield}</arg>
                           <arg name="right">???</arg>
                        </function>
                     </condition>
                  </link>
                  <link id="iltgf8pd" targetId="iltgf8pi" type="containerLink"/>
                  <link id="iltgf8p7" targetId="d"/>
               </container>
               <end id="d"/>
            </flow>
         </process>
      </types1:Entry>
      <types1:GUID>2aR5rZq5na6kblxsrFzYQx</types1:GUID>
      <types1:DisplayName>Test-ICRT-4747</types1:DisplayName>
   </types1:Item>
   <types1:CurrentServerDateTime>2020-01-02T11:47:55.017Z</types1:CurrentServerDateTime>
</aetgt:getResponse>
